Testing GitHub Model (Llama)...
GitHub Success: hello

Testing Gemini Model (Embedding)...
Gemini Model Failed:
Traceback (most recent call last):
  File "C:\Users\Admin\Documents\github\Kod-Bank\server\venv\Lib\site-packages\google\api_core\grpc_helpers.py", line 55, in error_remapped_callable
    return callable_(*args, **kwargs)
           ^^^^^^^^^^^^^^^^^^^^^^^^^^
  File "C:\Users\Admin\Documents\github\Kod-Bank\server\venv\Lib\site-packages\grpc\_interceptor.py", line 276, in __call__
    response, ignored_call = self._with_call(
                             ^^^^^^^^^^^^^^^^
  File "C:\Users\Admin\Documents\github\Kod-Bank\server\venv\Lib\site-packages\grpc\_interceptor.py", line 331, in _with_call
    return call.result(), call
           ^^^^^^^^^^^^^
  File "C:\Users\Admin\Documents\github\Kod-Bank\server\venv\Lib\site-packages\grpc\_channel.py", line 438, in result
    raise self
  File "C:\Users\Admin\Documents\github\Kod-Bank\server\venv\Lib\site-packages\grpc\_interceptor.py", line 314, in continuation
    response, call = self._thunk(new_method).with_call(
                     ^^^^^^^^^^^^^^^^^^^^^^^^^^^^^^^^^^
  File "C:\Users\Admin\Documents\github\Kod-Bank\server\venv\Lib\site-packages\grpc\_channel.py", line 1173, in with_call
    return _end_unary_response_blocking(state, call, True, None)
           ^^^^^^^^^^^^^^^^^^^^^^^^^^^^^^^^^^^^^^^^^^^^^^^^^^^^^
  File "C:\Users\Admin\Documents\github\Kod-Bank\server\venv\Lib\site-packages\grpc\_channel.py", line 990, in _end_unary_response_blocking
    raise _InactiveRpcError(state)  # pytype: disable=not-instantiable
    ^^^^^^^^^^^^^^^^^^^^^^^^^^^^^^
grpc._channel._InactiveRpcError: <_InactiveRpcError of RPC that terminated with:
	status = StatusCode.NOT_FOUND
	details = "models/embedding-001 is not found for API version v1beta, or is not supported for embedContent. Call ListModels to see the list of available models and their supported methods."
	debug_error_string = "UNKNOWN:Error received from peer ipv6:%5B2001:4860:4802:38::223%5D:443 {grpc_status:5, grpc_message:"models/embedding-001 is not found for API version v1beta, or is not supported for embedContent. Call ListModels to see the list of available models and their supported methods."}"
>

The above exception was the direct cause of the following exception:

Traceback (most recent call last):
  File "C:\Users\Admin\Documents\github\Kod-Bank\server\test_models.py", line 30, in <module>
    result = genai.embed_content(
             ^^^^^^^^^^^^^^^^^^^^
  File "C:\Users\Admin\Documents\github\Kod-Bank\server\venv\Lib\site-packages\google\generativeai\embedding.py", line 213, in embed_content
    embedding_response = client.embed_content(
                         ^^^^^^^^^^^^^^^^^^^^^
  File "C:\Users\Admin\Documents\github\Kod-Bank\server\venv\Lib\site-packages\google\ai\generativelanguage_v1beta\services\generative_service\client.py", line 1263, in embed_content
    response = rpc(
               ^^^^
  File "C:\Users\Admin\Documents\github\Kod-Bank\server\venv\Lib\site-packages\google\api_core\gapic_v1\method.py", line 128, in __call__
    return wrapped_func(*args, **kwargs)
           ^^^^^^^^^^^^^^^^^^^^^^^^^^^^^
  File "C:\Users\Admin\Documents\github\Kod-Bank\server\venv\Lib\site-packages\google\api_core\retry\retry_unary.py", line 294, in retry_wrapped_func
    return retry_target(
           ^^^^^^^^^^^^^
  File "C:\Users\Admin\Documents\github\Kod-Bank\server\venv\Lib\site-packages\google\api_core\retry\retry_unary.py", line 156, in retry_target
    next_sleep = _retry_error_helper(
                 ^^^^^^^^^^^^^^^^^^^^
  File "C:\Users\Admin\Documents\github\Kod-Bank\server\venv\Lib\site-packages\google\api_core\retry\retry_base.py", line 216, in _retry_error_helper
    raise final_exc from source_exc
  File "C:\Users\Admin\Documents\github\Kod-Bank\server\venv\Lib\site-packages\google\api_core\retry\retry_unary.py", line 147, in retry_target
    result = target()
             ^^^^^^^^
  File "C:\Users\Admin\Documents\github\Kod-Bank\server\venv\Lib\site-packages\google\api_core\timeout.py", line 130, in func_with_timeout
    return func(*args, **kwargs)
           ^^^^^^^^^^^^^^^^^^^^^
  File "C:\Users\Admin\Documents\github\Kod-Bank\server\venv\Lib\site-packages\google\api_core\grpc_helpers.py", line 57, in error_remapped_callable
    raise exceptions.from_grpc_error(exc) from exc
google.api_core.exceptions.NotFound: 404 models/embedding-001 is not found for API version v1beta, or is not supported for embedContent. Call ListModels to see the list of available models and their supported methods.

